<?xml version="1.0" encoding="UTF-8"?>
<!-- Generated by org.testng.reporters.JUnitXMLReporter -->
<testsuite ignored="6" hostname="LAPTOP-B2IDFSM7" failures="2" tests="2" name="Sanity Test" time="0.409" errors="0" timestamp="2023-12-12T21:54:10 GMT">
  <testcase classname="com.orangehrmlive.demo.testsuite.LoginTest" name="verifyUserShouldLoginSuccessFully" time="0.009">
    <failure type="java.lang.NullPointerException" message="Cannot invoke &amp;quot;org.openqa.selenium.SearchContext.findElement(org.openqa.selenium.By)&amp;quot; because &amp;quot;this.searchContext&amp;quot; is null">
      <![CDATA[java.lang.NullPointerException: Cannot invoke "org.openqa.selenium.SearchContext.findElement(org.openqa.selenium.By)" because "this.searchContext" is null
at org.openqa.selenium.support.pagefactory.DefaultElementLocator.findElement(DefaultElementLocator.java:68)
at org.openqa.selenium.support.pagefactory.internal.LocatingElementHandler.invoke(LocatingElementHandler.java:38)
at jdk.proxy2/jdk.proxy2.$Proxy12.sendKeys(Unknown Source)
at com.orangehrmlive.demo.utilities.Utility.sendTextToElement(Utility.java:73)
at com.orangehrmlive.demo.pages.LoginPage.enterUsername(LoginPage.java:29)
at com.orangehrmlive.demo.testsuite.LoginTest.verifyUserShouldLoginSuccessFully(LoginTest.java:30)
at java.base/java.util.ArrayList.forEach(ArrayList.java:1511)
at com.intellij.rt.testng.IDEARemoteTestNG.run(IDEARemoteTestNG.java:66)
at com.intellij.rt.testng.RemoteTestNGStarter.main(RemoteTestNGStarter.java:105)
... Removed 24 stack frames]]>
    </failure>
  </testcase> <!-- verifyUserShouldLoginSuccessFully -->
  <testcase classname="com.orangehrmlive.demo.testsuite.LoginTest" name="verifyUserShouldLoginSuccessFully" time="0.049">
    <failure type="java.lang.NullPointerException" message="Cannot invoke &amp;quot;org.openqa.selenium.TakesScreenshot.getScreenshotAs(org.openqa.selenium.OutputType)&amp;quot; because &amp;quot;screenshot&amp;quot; is null">
      <![CDATA[java.lang.NullPointerException: Cannot invoke "org.openqa.selenium.TakesScreenshot.getScreenshotAs(org.openqa.selenium.OutputType)" because "screenshot" is null
at com.orangehrmlive.demo.utilities.Utility.takeScreenShot(Utility.java:352)
at com.orangehrmlive.demo.customlisteners.CustomListeners.onTestFailure(CustomListeners.java:33)
at java.base/java.util.ArrayList.forEach(ArrayList.java:1511)
at com.intellij.rt.testng.IDEARemoteTestNG.run(IDEARemoteTestNG.java:66)
at com.intellij.rt.testng.RemoteTestNGStarter.main(RemoteTestNGStarter.java:105)
... Removed 21 stack frames]]>
    </failure>
  </testcase> <!-- verifyUserShouldLoginSuccessFully -->
  <testcase classname="com.orangehrmlive.demo.testsuite.UserTest" name="verifyThatAdminShouldDeleteTheUserSuccessFully" time="0.0">
    <ignored/>
  </testcase> <!-- verifyThatAdminShouldDeleteTheUserSuccessFully -->
  <testcase classname="com.orangehrmlive.demo.testsuite.UserTest" name="searchTheUserCreatedAndVerifyIt" time="0.0">
    <ignored/>
  </testcase> <!-- searchTheUserCreatedAndVerifyIt -->
  <testcase classname="com.orangehrmlive.demo.testsuite.LoginTest" name="VerifyThatTheLogoDisplayOnLoginPage" time="0.0">
    <ignored/>
  </testcase> <!-- VerifyThatTheLogoDisplayOnLoginPage -->
  <testcase classname="com.orangehrmlive.demo.testsuite.LoginTest" name="verifyUserShouldLogOutSuccessFully" time="0.0">
    <ignored/>
  </testcase> <!-- verifyUserShouldLogOutSuccessFully -->
  <testcase classname="com.orangehrmlive.demo.testsuite.LoginTest" name="verifyErrorMessageWithInvalidCredentials" time="0.0">
    <ignored/>
  </testcase> <!-- verifyErrorMessageWithInvalidCredentials -->
  <testcase classname="com.orangehrmlive.demo.testsuite.UserTest" name="searchTheUserAndVerifyTheMessageRecordFound" time="0.0">
    <ignored/>
  </testcase> <!-- searchTheUserAndVerifyTheMessageRecordFound -->
</testsuite> <!-- Sanity Test -->
